This is pdfTeX, Version 3.1415926-2.3-1.40.12 (MiKTeX 2.9) (preloaded format=pdflatex 2014.8.12)  8 FEB 2015 11:13
entering extended mode
**88.tex
(F:\Latex\88.tex
LaTeX2e <2011/06/27>
Babel <v3.8m> and hyphenation patterns for loaded.
(C:\CTEX\MiKTeX\tex\latex\base\article.cls
Document Class: article 2007/10/19 v1.4h Standard LaTeX document class
(C:\CTEX\MiKTeX\tex\latex\base\size10.clo
File: size10.clo 2007/10/19 v1.4h Standard LaTeX file (size option)
)
\c@part=\count79
\c@section=\count80
\c@subsection=\count81
\c@subsubsection=\count82
\c@paragraph=\count83
\c@subparagraph=\count84
\c@figure=\count85
\c@table=\count86
\abovecaptionskip=\skip41
\belowcaptionskip=\skip42
\bibindent=\dimen102
)
(C:\CTEX\MiKTeX\tex\latex\cjk\CJK.sty
Package: CJK 2008/12/29 4.8.2

(C:\CTEX\MiKTeX\tex\latex\cjk\mule\MULEenc.sty
Package: MULEenc 2008/12/29 4.8.2
)
(C:\CTEX\MiKTeX\tex\latex\cjk\CJK.enc
File: CJK.enc 2008/12/29 4.8.2
)
LaTeX Info: Redefining \selectfont on input line 756.
\CJK@indent=\box26
)
(C:\CTEX\MiKTeX\tex\latex\ams\math\amsmath.sty
Package: amsmath 2000/07/18 v2.13 AMS math features
\@mathmargin=\skip43

For additional information on amsmath, use the `?' option.
(C:\CTEX\MiKTeX\tex\latex\ams\math\amstext.sty
Package: amstext 2000/06/29 v2.01

(C:\CTEX\MiKTeX\tex\latex\ams\math\amsgen.sty
File: amsgen.sty 1999/11/30 v2.0
\@emptytoks=\toks14
\ex@=\dimen103
))
(C:\CTEX\MiKTeX\tex\latex\ams\math\amsbsy.sty
Package: amsbsy 1999/11/29 v1.2d
\pmbraise@=\dimen104
)
(C:\CTEX\MiKTeX\tex\latex\ams\math\amsopn.sty
Package: amsopn 1999/12/14 v2.01 operator names
)
\inf@bad=\count87
LaTeX Info: Redefining \frac on input line 211.
\uproot@=\count88
\leftroot@=\count89
LaTeX Info: Redefining \overline on input line 307.
\classnum@=\count90
\DOTSCASE@=\count91
LaTeX Info: Redefining \ldots on input line 379.
LaTeX Info: Redefining \dots on input line 382.
LaTeX Info: Redefining \cdots on input line 467.
\Mathstrutbox@=\box27
\strutbox@=\box28
\big@size=\dimen105
LaTeX Font Info:    Redeclaring font encoding OML on input line 567.
LaTeX Font Info:    Redeclaring font encoding OMS on input line 568.
\macc@depth=\count92
\c@MaxMatrixCols=\count93
\dotsspace@=\muskip10
\c@parentequation=\count94
\dspbrk@lvl=\count95
\tag@help=\toks15
\row@=\count96
\column@=\count97
\maxfields@=\count98
\andhelp@=\toks16
\eqnshift@=\dimen106
\alignsep@=\dimen107
\tagshift@=\dimen108
\tagwidth@=\dimen109
\totwidth@=\dimen110
\lineht@=\dimen111
\@envbody=\toks17
\multlinegap=\skip44
\multlinetaggap=\skip45
\mathdisplay@stack=\toks18
LaTeX Info: Redefining \[ on input line 2666.
LaTeX Info: Redefining \] on input line 2667.
)
(C:\CTEX\MiKTeX\tex\latex\amsfonts\amsfonts.sty
Package: amsfonts 2009/06/22 v3.00 Basic AMSFonts support
\symAMSa=\mathgroup4
\symAMSb=\mathgroup5
LaTeX Font Info:    Overwriting math alphabet `\mathfrak' in version `bold'
(Font)                  U/euf/m/n --> U/euf/b/n on input line 96.
)
(C:\CTEX\MiKTeX\tex\latex\amsfonts\amssymb.sty
Package: amssymb 2009/06/22 v3.00
)
(C:\CTEX\MiKTeX\tex\latex\base\makeidx.sty
Package: makeidx 2000/03/29 v1.0m Standard LaTeX package
)
(C:\CTEX\MiKTeX\tex\latex\graphics\graphicx.sty
Package: graphicx 1999/02/16 v1.0f Enhanced LaTeX Graphics (DPC,SPQR)

(C:\CTEX\MiKTeX\tex\latex\graphics\keyval.sty
Package: keyval 1999/03/16 v1.13 key=value parser (DPC)
\KV@toks@=\toks19
)
(C:\CTEX\MiKTeX\tex\latex\graphics\graphics.sty
Package: graphics 2009/02/05 v1.0o Standard LaTeX Graphics (DPC,SPQR)

(C:\CTEX\MiKTeX\tex\latex\graphics\trig.sty
Package: trig 1999/03/16 v1.09 sin cos tan (DPC)
)
(C:\CTEX\MiKTeX\tex\latex\00miktex\graphics.cfg
File: graphics.cfg 2007/01/18 v1.5 graphics configuration of teTeX/TeXLive
)
Package graphics Info: Driver file: pdftex.def on input line 91.

(C:\CTEX\MiKTeX\tex\latex\pdftex-def\pdftex.def
File: pdftex.def 2011/05/27 v0.06d Graphics/color for pdfTeX

(C:\CTEX\MiKTeX\tex\generic\oberdiek\infwarerr.sty
Package: infwarerr 2010/04/08 v1.3 Providing info/warning/message (HO)
)
(C:\CTEX\MiKTeX\tex\generic\oberdiek\ltxcmds.sty
Package: ltxcmds 2011/04/18 v1.20 LaTeX kernel commands for general use (HO)
)
\Gread@gobject=\count99
))
\Gin@req@height=\dimen112
\Gin@req@width=\dimen113
)
(C:\CTEX\MiKTeX\tex\latex\soul\soul.sty
Package: soul 2003/11/17 v2.4 letterspacing/underlining (mf)
\SOUL@word=\toks20
\SOUL@lasttoken=\toks21
\SOUL@cmds=\toks22
\SOUL@buffer=\toks23
\SOUL@token=\toks24
\SOUL@spaceskip=\skip46
\SOUL@ttwidth=\dimen114
\SOUL@uldp=\dimen115
\SOUL@ulht=\dimen116
)
(C:\CTEX\MiKTeX\tex\latex\cjk\UTF8\UTF8.bdg
File: UTF8.bdg 2008/12/29 4.8.2
)
(C:\CTEX\MiKTeX\tex\latex\cjk\UTF8\UTF8.enc
File: UTF8.enc 2008/12/29 4.8.2
)
(C:\CTEX\MiKTeX\tex\latex\cjk\UTF8\UTF8.chr
File: UTF8.chr 2008/12/29 4.8.2
)
\c@thm=\count100
\c@zm=\count101
 (F:\Latex\88.aux)
LaTeX Font Info:    Checking defaults for OML/cmm/m/it on input line 16.
LaTeX Font Info:    ... okay on input line 16.
LaTeX Font Info:    Checking defaults for T1/cmr/m/n on input line 16.
LaTeX Font Info:    ... okay on input line 16.
LaTeX Font Info:    Checking defaults for OT1/cmr/m/n on input line 16.
LaTeX Font Info:    ... okay on input line 16.
LaTeX Font Info:    Checking defaults for OMS/cmsy/m/n on input line 16.
LaTeX Font Info:    ... okay on input line 16.
LaTeX Font Info:    Checking defaults for OMX/cmex/m/n on input line 16.
LaTeX Font Info:    ... okay on input line 16.
LaTeX Font Info:    Checking defaults for U/cmr/m/n on input line 16.
LaTeX Font Info:    ... okay on input line 16.
LaTeX Font Info:    Checking defaults for C00/song/m/n on input line 16.
LaTeX Font Info:    ... okay on input line 16.
LaTeX Font Info:    Checking defaults for C05/song/m/n on input line 16.
LaTeX Font Info:    ... okay on input line 16.
LaTeX Font Info:    Checking defaults for C09/song/m/n on input line 16.
LaTeX Font Info:    ... okay on input line 16.
LaTeX Font Info:    Checking defaults for C10/song/m/n on input line 16.
LaTeX Font Info:    ... okay on input line 16.
LaTeX Font Info:    Checking defaults for C20/song/m/n on input line 16.
LaTeX Font Info:    ... okay on input line 16.
LaTeX Font Info:    Checking defaults for C19/song/m/n on input line 16.
LaTeX Font Info:    ... okay on input line 16.
LaTeX Font Info:    Checking defaults for C40/song/m/n on input line 16.
LaTeX Font Info:    ... okay on input line 16.
LaTeX Font Info:    Checking defaults for C42/song/m/n on input line 16.
LaTeX Font Info:    ... okay on input line 16.
LaTeX Font Info:    Checking defaults for C43/song/m/n on input line 16.
LaTeX Font Info:    ... okay on input line 16.
LaTeX Font Info:    Checking defaults for C50/song/m/n on input line 16.
LaTeX Font Info:    ... okay on input line 16.
LaTeX Font Info:    Checking defaults for C52/song/m/n on input line 16.
LaTeX Font Info:    ... okay on input line 16.
LaTeX Font Info:    Checking defaults for C49/song/m/n on input line 16.
LaTeX Font Info:    ... okay on input line 16.
LaTeX Font Info:    Checking defaults for C60/mj/m/n on input line 16.
LaTeX Font Info:    ... okay on input line 16.
LaTeX Font Info:    Checking defaults for C61/mj/m/n on input line 16.
LaTeX Font Info:    ... okay on input line 16.
LaTeX Font Info:    Checking defaults for C63/mj/m/n on input line 16.
LaTeX Font Info:    ... okay on input line 16.
LaTeX Font Info:    Checking defaults for C64/mj/m/n on input line 16.
LaTeX Font Info:    ... okay on input line 16.
LaTeX Font Info:    Checking defaults for C65/mj/m/n on input line 16.
LaTeX Font Info:    ... okay on input line 16.
LaTeX Font Info:    Checking defaults for C70/song/m/n on input line 16.
LaTeX Font Info:    ... okay on input line 16.
LaTeX Font Info:    Checking defaults for C31/song/m/n on input line 16.
LaTeX Font Info:    ... okay on input line 16.
LaTeX Font Info:    Checking defaults for C32/song/m/n on input line 16.
LaTeX Font Info:    ... okay on input line 16.
LaTeX Font Info:    Checking defaults for C33/song/m/n on input line 16.
LaTeX Font Info:    ... okay on input line 16.
LaTeX Font Info:    Checking defaults for C34/song/m/n on input line 16.
LaTeX Font Info:    ... okay on input line 16.
LaTeX Font Info:    Checking defaults for C35/song/m/n on input line 16.
LaTeX Font Info:    ... okay on input line 16.
LaTeX Font Info:    Checking defaults for C36/song/m/n on input line 16.
LaTeX Font Info:    ... okay on input line 16.
LaTeX Font Info:    Checking defaults for C37/song/m/n on input line 16.
LaTeX Font Info:    ... okay on input line 16.
LaTeX Font Info:    Checking defaults for C80/song/m/n on input line 16.
LaTeX Font Info:    ... okay on input line 16.
LaTeX Font Info:    Checking defaults for C81/song/m/n on input line 16.
LaTeX Font Info:    ... okay on input line 16.
LaTeX Font Info:    Checking defaults for C01/song/m/n on input line 16.
LaTeX Font Info:    ... okay on input line 16.
LaTeX Font Info:    Checking defaults for C11/song/m/n on input line 16.
LaTeX Font Info:    ... okay on input line 16.
LaTeX Font Info:    Checking defaults for C21/song/m/n on input line 16.
LaTeX Font Info:    ... okay on input line 16.
LaTeX Font Info:    Checking defaults for C41/song/m/n on input line 16.
LaTeX Font Info:    ... okay on input line 16.
LaTeX Font Info:    Checking defaults for C62/song/m/n on input line 16.
LaTeX Font Info:    ... okay on input line 16.

(C:\CTEX\MiKTeX\tex\context\base\supp-pdf.mkii
[Loading MPS to PDF converter (version 2006.09.02).]
\scratchcounter=\count102
\scratchdimen=\dimen117
\scratchbox=\box29
\nofMPsegments=\count103
\nofMParguments=\count104
\everyMPshowfont=\toks25
\MPscratchCnt=\count105
\MPscratchDim=\dimen118
\MPnumerator=\count106
\makeMPintoPDFobject=\count107
\everyMPtoPDFconversion=\toks26
)
LaTeX Font Info:    Try loading font information for C70+gbsn on input line 17.

 (C:\CTEX\MiKTeX\tex\latex\cjk\UTF8\c70gbsn.fd
File: c70gbsn.fd 2008/12/29 4.8.2
)
(C:\CTEX\MiKTeX\tex\latex\cjk\UTF8\c70gbsn.fdx
File: c70gbsn.fdx 2008/12/29 4.8.2
)
LaTeX Font Info:    Try loading font information for U+msa on input line 17.

(C:\CTEX\MiKTeX\tex\latex\amsfonts\umsa.fd
File: umsa.fd 2009/06/22 v3.00 AMS symbols A
)
LaTeX Font Info:    Try loading font information for U+msb on input line 17.

(C:\CTEX\MiKTeX\tex\latex\amsfonts\umsb.fd
File: umsb.fd 2009/06/22 v3.00 AMS symbols B
)

LaTeX Font Warning: Font shape `C70/gbsn/m/it' undefined
(Font)              using `C70/gbsn/m/n' instead on input line 18.


Overfull \hbox (11.54912pt too wide) in paragraph at lines 31--34
[]\C70/gbsn/m/it/10/67 a \C70/gbsn/m/it/10/4e ö \C70/gbsn/m/it/10/88 h \C70/gbs
n/m/it/10/66 $\OML/cmm/m/it/10 f\OT1/cmr/m/n/10 (\OML/cmm/m/it/10 z\OT1/cmr/m/
n/10 )$\C70/gbsn/m/it/10/57 ( \C70/gbsn/m/it/10/4e :   \C70/gbsn/m/it/10/65 t \
C70/gbsn/m/it/10/51 ý \C70/gbsn/m/it/10/65 p \C70/gbsn/m/it/10/ff  \C70/gbsn/m
/it/10/4e $[] \OML/cmm/m/it/10 f\OT1/cmr/m/n/10 (\OML/cmm/m/it/10 z\OT1/cmr/m/
n/10 ) = \OML/cmm/m/it/10 c[]$\C70/gbsn/m/it/10/5b X \C70/gbsn/m/it/10/57 ( \C7
0/gbsn/m/it/10/ff  \C70/gbsn/m/it/10/62 @ \C70/gbsn/m/it/10/4e å$\OML/cmm/m/it
/10 z \OT1/cmr/m/n/10 = \OMS/cmsy/m/n/10 1$\C70/gbsn/m/it/10/4e :$\OML/cmm/m/it
/10 f\OT1/cmr/m/n/10 (\OML/cmm/m/it/10 z\OT1/cmr/m/n/10 )$\C70/gbsn/m/it/10/57 
(
 []

[1

{C:/CTEX/UserData/pdftex/config/pdftex.map{Unicode.sfd}{UGBK.sfd}}]
(F:\Latex\88.aux)

LaTeX Font Warning: Some font shapes were not available, defaults substituted.

 ) 
Here is how much of TeX's memory you used:
 3448 strings out of 495354
 40850 string characters out of 3183859
 105305 words of memory out of 3000000
 6541 multiletter control sequences out of 15000+200000
 25330 words of font info for 94 fonts, out of 3000000 for 9000
 14 hyphenation exceptions out of 8191
 27i,6n,28p,231b,718s stack positions out of 5000i,500n,10000p,200000b,50000s
<C:/CTEX/MiKTeX/fonts/type1/public/amsfonts/cm/cmbx10.pfb><C:/CTEX/MiKTeX/fon
ts/type1/public/amsfonts/cm/cmex10.pfb><C:/CTEX/MiKTeX/fonts/type1/public/amsfo
nts/cm/cmmi10.pfb><C:/CTEX/MiKTeX/fonts/type1/public/amsfonts/cm/cmmi7.pfb><C:/
CTEX/MiKTeX/fonts/type1/public/amsfonts/cm/cmr10.pfb><C:/CTEX/MiKTeX/fonts/type
1/public/amsfonts/cm/cmr12.pfb><C:/CTEX/MiKTeX/fonts/type1/public/amsfonts/cm/c
mr7.pfb><C:/CTEX/MiKTeX/fonts/type1/public/amsfonts/cm/cmsy10.pfb><C:/CTEX/MiKT
eX/fonts/type1/public/amsfonts/cm/cmsy7.pfb><C:/CTEX/MiKTeX/fonts/type1/public/
amsfonts/cm/cmti10.pfb><C:/CTEX/MiKTeX/fonts/type1/arphic/gbsnu/gbsnu4e.pfb><C:
/CTEX/MiKTeX/fonts/type1/arphic/gbsnu/gbsnu4f.pfb><C:/CTEX/MiKTeX/fonts/type1/a
rphic/gbsnu/gbsnu50.pfb><C:/CTEX/MiKTeX/fonts/type1/arphic/gbsnu/gbsnu51.pfb><C
:/CTEX/MiKTeX/fonts/type1/arphic/gbsnu/gbsnu52.pfb><C:/CTEX/MiKTeX/fonts/type1/
arphic/gbsnu/gbsnu53.pfb><C:/CTEX/MiKTeX/fonts/type1/arphic/gbsnu/gbsnu54.pfb><
C:/CTEX/MiKTeX/fonts/type1/arphic/gbsnu/gbsnu56.pfb><C:/CTEX/MiKTeX/fonts/type1
/arphic/gbsnu/gbsnu57.pfb><C:/CTEX/MiKTeX/fonts/type1/arphic/gbsnu/gbsnu59.pfb>
<C:/CTEX/MiKTeX/fonts/type1/arphic/gbsnu/gbsnu5b.pfb><C:/CTEX/MiKTeX/fonts/type
1/arphic/gbsnu/gbsnu5c.pfb><C:/CTEX/MiKTeX/fonts/type1/arphic/gbsnu/gbsnu5e.pfb
><C:/CTEX/MiKTeX/fonts/type1/arphic/gbsnu/gbsnu5f.pfb><C:/CTEX/MiKTeX/fonts/typ
e1/arphic/gbsnu/gbsnu60.pfb><C:/CTEX/MiKTeX/fonts/type1/arphic/gbsnu/gbsnu62.pf
b><C:/CTEX/MiKTeX/fonts/type1/arphic/gbsnu/gbsnu63.pfb><C:/CTEX/MiKTeX/fonts/ty
pe1/arphic/gbsnu/gbsnu65.pfb><C:/CTEX/MiKTeX/fonts/type1/arphic/gbsnu/gbsnu66.p
fb><C:/CTEX/MiKTeX/fonts/type1/arphic/gbsnu/gbsnu67.pfb><C:/CTEX/MiKTeX/fonts/t
ype1/arphic/gbsnu/gbsnu68.pfb><C:/CTEX/MiKTeX/fonts/type1/arphic/gbsnu/gbsnu6a.
pfb><C:/CTEX/MiKTeX/fonts/type1/arphic/gbsnu/gbsnu6b.pfb><C:/CTEX/MiKTeX/fonts/
type1/arphic/gbsnu/gbsnu70.pfb><C:/CTEX/MiKTeX/fonts/type1/arphic/gbsnu/gbsnu74
.pfb><C:/CTEX/MiKTeX/fonts/type1/arphic/gbsnu/gbsnu75.pfb><C:/CTEX/MiKTeX/fonts
/type1/arphic/gbsnu/gbsnu76.pfb><C:/CTEX/MiKTeX/fonts/type1/arphic/gbsnu/gbsnu7
7.pfb><C:/CTEX/MiKTeX/fonts/type1/arphic/gbsnu/gbsnu79.pfb><C:/CTEX/MiKTeX/font
s/type1/arphic/gbsnu/gbsnu7a.pfb><C:/CTEX/MiKTeX/fonts/type1/arphic/gbsnu/gbsnu
7d.pfb><C:/CTEX/MiKTeX/fonts/type1/arphic/gbsnu/gbsnu7e.pfb><C:/CTEX/MiKTeX/fon
ts/type1/arphic/gbsnu/gbsnu80.pfb><C:/CTEX/MiKTeX/fonts/type1/arphic/gbsnu/gbsn
u81.pfb><C:/CTEX/MiKTeX/fonts/type1/arphic/gbsnu/gbsnu82.pfb><C:/CTEX/MiKTeX/fo
nts/type1/arphic/gbsnu/gbsnu88.pfb><C:/CTEX/MiKTeX/fonts/type1/arphic/gbsnu/gbs
nu89.pfb><C:/CTEX/MiKTeX/fonts/type1/arphic/gbsnu/gbsnu8b.pfb><C:/CTEX/MiKTeX/f
onts/type1/arphic/gbsnu/gbsnu8d.pfb><C:/CTEX/MiKTeX/fonts/type1/arphic/gbsnu/gb
snu8f.pfb><C:/CTEX/MiKTeX/fonts/type1/arphic/gbsnu/gbsnu90.pfb><C:/CTEX/MiKTeX/
fonts/type1/arphic/gbsnu/gbsnu96.pfb><C:/CTEX/MiKTeX/fonts/type1/arphic/gbsnu/g
bsnu97.pfb><C:/CTEX/MiKTeX/fonts/type1/arphic/gbsnu/gbsnu98.pfb><C:/CTEX/MiKTeX
/fonts/type1/arphic/gbsnu/gbsnuff.pfb><C:/CTEX/MiKTeX/fonts/type1/public/amsfon
ts/symbols/msbm10.pfb>
Output written on 88.pdf (1 page, 260452 bytes).
PDF statistics:
 230 PDF objects out of 1000 (max. 8388607)
 0 named destinations out of 1000 (max. 500000)
 1 words of extra memory for PDF output out of 10000 (max. 10000000)

