mktextfm ectt1000
mktextfm SimSun/ICU
mktextfm SimSun/ICU
mktextfm SimSun/ICU
mktextfm SimHei/ICU
mktextfm SimHei/ICU
mktextfm SimHei/I/ICU
mktextfm SimSun/ICU
mktextfm SimSun/ICU
mktextfm SimSun/ICU
mktextfm SimHei/ICU
mktextfm SimSun/ICU
mktextfm SimSun/ICU
mktextfm SimSun/ICU
mktextfm SimHei/ICU
mktextfm SimHei/ICU
mktextfm SimHei/I/ICU
mktextfm SimSun/ICU
mktextfm SimSun/ICU
mktextfm SimSun/ICU
mktextfm SimHei/ICU
mktexpk --mfmode / --bdpi 600 --mag 1+0/600 --dpi 600 unikai65
mktextfm SimSun/ICU
mktextfm SimSun/ICU
mktextfm SimSun/ICU
mktextfm SimHei/ICU
mktextfm SimHei/ICU
mktextfm SimHei/I/ICU
mktextfm SimSun/ICU
mktextfm SimSun/ICU
mktextfm SimSun/ICU
mktextfm SimHei/ICU
mktextfm SimSun/ICU
mktextfm SimSun/ICU
mktextfm SimSun/ICU
mktextfm SimHei/ICU
mktextfm SimHei/ICU
mktextfm SimHei/I/ICU
mktextfm SimSun/ICU
mktextfm SimSun/ICU
mktextfm SimSun/ICU
mktextfm SimHei/ICU
mktextfm SimSun/ICU
mktextfm SimSun/ICU
mktextfm SimSun/ICU
mktextfm SimHei/ICU
mktextfm SimHei/ICU
mktextfm SimHei/I/ICU
mktextfm SimSun/ICU
mktextfm SimSun/ICU
mktextfm SimSun/ICU
mktextfm SimHei/ICU
mktextfm SimSun/ICU
mktextfm SimSun/ICU
mktextfm SimSun/ICU
mktextfm SimHei/ICU
mktextfm SimHei/ICU
mktextfm SimHei/I/ICU
mktextfm SimSun/ICU
mktextfm SimSun/ICU
mktextfm SimSun/ICU
mktextfm SimHei/ICU
mktextfm SimSun/ICU
mktextfm SimSun/ICU
mktextfm SimSun/ICU
mktextfm SimHei/ICU
mktextfm SimHei/ICU
mktextfm SimHei/I/ICU
mktextfm SimSun/ICU
mktextfm SimSun/ICU
mktextfm SimSun/ICU
mktextfm SimHei/ICU
mktexpk --mfmode ljfour --bdpi 600 --mag 1+484/600 --dpi 1084 unisong65
mktexpk --mfmode ljfour --bdpi 600 --mag 1+484/600 --dpi 1084 unisong51
mktextfm SimSun/ICU
mktextfm SimSun/ICU
mktextfm SimSun/ICU
mktextfm SimHei/ICU
mktextfm SimHei/ICU
mktextfm SimHei/I/ICU
mktextfm SimSun/ICU
mktextfm SimSun/ICU
mktextfm SimSun/ICU
mktextfm SimHei/ICU
mktextfm SimSun/ICU
mktextfm SimSun/ICU
mktextfm SimSun/ICU
mktextfm SimHei/ICU
mktextfm SimHei/ICU
mktextfm SimHei/I/ICU
mktextfm SimSun/ICU
mktextfm SimSun/ICU
mktextfm SimSun/ICU
mktextfm SimHei/ICU
mktextfm SimSun/ICU
mktextfm SimSun/ICU
mktextfm SimSun/ICU
mktextfm SimHei/ICU
mktextfm SimHei/ICU
mktextfm SimHei/I/ICU
mktextfm SimSun/ICU
mktextfm SimSun/ICU
mktextfm SimSun/ICU
mktextfm SimHei/ICU
mktextfm SimSun/ICU
mktextfm SimSun/ICU
mktextfm SimSun/ICU
mktextfm SimHei/ICU
mktextfm SimHei/ICU
mktextfm SimHei/I/ICU
mktextfm SimSun/ICU
mktextfm SimSun/ICU
mktextfm SimSun/ICU
mktextfm SimHei/ICU
