This is XeTeX, Version 3.1415926-2.3-0.9997.5 (MiKTeX 2.9) (preloaded format=xelatex 2014.8.14)  21 JAN 2015 09:26
entering extended mode
**ä¸€äº›å‡†å¤‡.tex
(F:\Latex\ä¸€äº›å‡†å¤‡.tex
LaTeX2e <2011/06/27>
Babel <v3.8m> and hyphenation patterns for loaded.
! Undefined control sequence.
l.1 \part
         {ä¸€äº›å‡†å¤‡}
The control sequence at the end of the top line
of your error message was never \def'ed. If you have
misspelled it (e.g., `\hobx'), type `I' and the correct
spelling (e.g., `I\hbox'). Otherwise just continue,
and I'll forget about whatever was undefined.


! LaTeX Error: Missing \begin{document}.

See the LaTeX manual or LaTeX Companion for explanation.
Type  H <return>  for immediate help.
 ...                                              
                                                  
l.1 \part{ä¸€
             äº›å‡†å¤‡}
You're in trouble here.  Try typing  <return>  to proceed.
If that doesn't work, type  X <return>  to quit.

Missing character: There is no ä¸€ in font nullfont!
Missing character: There is no äº› in font nullfont!
Missing character: There is no å‡† in font nullfont!
Missing character: There is no å¤‡ in font nullfont!
! Undefined control sequence.
l.2 \section
            {æ¦‚ç‡è®ºæ–¹é¢çš„ä¸€äº›æ¦‚å¿µ}
The control sequence at the end of the top line
of your error message was never \def'ed. If you have
misspelled it (e.g., `\hobx'), type `I' and the correct
spelling (e.g., `I\hbox'). Otherwise just continue,
and I'll forget about whatever was undefined.

Missing character: There is no æ¦‚ in font nullfont!
Missing character: There is no ç‡ in font nullfont!
Missing character: There is no è®º in font nullfont!
Missing character: There is no æ–¹ in font nullfont!
Missing character: There is no é¢ in font nullfont!
Missing character: There is no çš„ in font nullfont!
Missing character: There is no ä¸€ in font nullfont!
Missing character: There is no äº› in font nullfont!
Missing character: There is no æ¦‚ in font nullfont!
Missing character: There is no å¿µ in font nullfont!

! LaTeX Error: Environment å®šä¹‰ undefined.

See the LaTeX manual or LaTeX Companion for explanation.
Type  H <return>  for immediate help.
 ...                                              
                                                  
l.3 \begin{å®šä¹‰}
                  
Your command was ignored.
Type  I <command> <return>  to replace it with another command,
or  <return>  to continue without it.

Missing character: There is no ( in font nullfont!
LaTeX Font Info:    External font `cmex10' loaded for size
(Font)              <7> on input line 4.
LaTeX Font Info:    External font `cmex10' loaded for size
(Font)              <5> on input line 4.
Missing character: There is no åŸŸ in font nullfont!
Missing character: There is no ) in font nullfont!
Missing character: There is no è®¾ in font nullfont!
Missing character: There is no æ˜¯ in font nullfont!
Missing character: There is no è¯• in font nullfont!
Missing character: There is no éªŒ in font nullfont!
Missing character: There is no S in font nullfont!
Missing character: There is no çš„ in font nullfont!
Missing character: There is no æ · in font nullfont!
Missing character: There is no æœ¬ in font nullfont!
Missing character: There is no ç©º in font nullfont!
Missing character: There is no é—´ in font nullfont!
Missing character: There is no ï¼Œ in font nullfont!
Missing character: There is no ç”¨ in font nullfont!
Missing character: There is no F in font nullfont!
Missing character: There is no è¡¨ in font nullfont!
Missing character: There is no ç¤º in font nullfont!
Missing character: There is no çš„ in font nullfont!
Missing character: There is no æŸ in font nullfont!
Missing character: There is no äº› in font nullfont!
Missing character: There is no å­ in font nullfont!
Missing character: There is no é›† in font nullfont!
Missing character: There is no æ„ in font nullfont!
Missing character: There is no æˆ in font nullfont!
Missing character: There is no çš„ in font nullfont!
Missing character: There is no é›† in font nullfont!
Missing character: There is no åˆ in font nullfont!
Missing character: There is no ï¼Œ in font nullfont!
Missing character: There is no å¦‚ in font nullfont!
Missing character: There is no æœ in font nullfont!
! Undefined control sequence.
<recently read> \mathscr 
                         
l.5 ...äº›å­é›†æ„æˆçš„é›†åˆï¼Œå¦‚æœ$\mathscr
                                                  {F}$æ»¡è¶³:
The control sequence at the end of the top line
of your error message was never \def'ed. If you have
misspelled it (e.g., `\hobx'), type `I' and the correct
spelling (e.g., `I\hbox'). Otherwise just continue,
and I'll forget about whatever was undefined.

Missing character: There is no æ»¡ in font nullfont!
Missing character: There is no è¶³ in font nullfont!
Missing character: There is no : in font nullfont!

Overfull \hbox (20.0pt too wide) in paragraph at lines 1--6
[]
 []


Overfull \hbox (20.51736pt too wide) in paragraph at lines 1--6
\OML/cmm/m/it/10 ^^[$$\OT1/cmr/m/n/10 
$$
$
 []


Overfull \hbox (7.81946pt too wide) in paragraph at lines 1--6
\OML/cmm/m/it/10 F$ 
 []

! Undefined control sequence.
l.7 \item $\Omega \in \mathscr
                              {F}$ï¼›
The control sequence at the end of the top line
of your error message was never \def'ed. If you have
misspelled it (e.g., `\hobx'), type `I' and the correct
spelling (e.g., `I\hbox'). Otherwise just continue,
and I'll forget about whatever was undefined.

Missing character: There is no ï¼› in font nullfont!

Overfull \hbox (16.66663pt too wide) in paragraph at lines 7--8
\OT1/cmr/m/n/10 
 \OMS/cmsy/m/n/10 2
 []


Overfull \hbox (7.81946pt too wide) in paragraph at lines 7--8
\OML/cmm/m/it/10 F$ 
 []

Missing character: There is no è‹¥ in font nullfont!
! Undefined control sequence.
l.8 \item è‹¥$A\in \mathscr
                           {F}$,åˆ™$\overline{A}\in \mathscr{F}$
The control sequence at the end of the top line
of your error message was never \def'ed. If you have
misspelled it (e.g., `\hobx'), type `I' and the correct
spelling (e.g., `I\hbox'). Otherwise just continue,
and I'll forget about whatever was undefined.

Missing character: There is no , in font nullfont!
Missing character: There is no åˆ™ in font nullfont!
! Undefined control sequence.
l.8 ...n \mathscr{F}$,åˆ™$\overline{A}\in \mathscr
                                                  {F}$
The control sequence at the end of the top line
of your error message was never \def'ed. If you have
misspelled it (e.g., `\hobx'), type `I' and the correct
spelling (e.g., `I\hbox'). Otherwise just continue,
and I'll forget about whatever was undefined.


Overfull \hbox (16.94441pt too wide) in paragraph at lines 8--9
\OML/cmm/m/it/10 A \OMS/cmsy/m/n/10 2
 []


Overfull \hbox (24.76387pt too wide) in paragraph at lines 8--9
\OML/cmm/m/it/10 F$$[] \OMS/cmsy/m/n/10 2
 []


Overfull \hbox (7.81946pt too wide) in paragraph at lines 8--9
\OML/cmm/m/it/10 F$ 
 []

Missing character: There is no è‹¥ in font nullfont!
! Undefined control sequence.
l.9 \item è‹¥$A_j\in \mathscr
                             {F}$,åˆ™$\cup^{\infty}_{n=1}A_j\in \mathscr{F}$
The control sequence at the end of the top line
of your error message was never \def'ed. If you have
misspelled it (e.g., `\hobx'), type `I' and the correct
spelling (e.g., `I\hbox'). Otherwise just continue,
and I'll forget about whatever was undefined.

Missing character: There is no , in font nullfont!
Missing character: There is no åˆ™ in font nullfont!
! Undefined control sequence.
l.9 ...{F}$,åˆ™$\cup^{\infty}_{n=1}A_j\in \mathscr
                                                  {F}$
The control sequence at the end of the top line
of your error message was never \def'ed. If you have
misspelled it (e.g., `\hobx'), type `I' and the correct
spelling (e.g., `I\hbox'). Otherwise just continue,
and I'll forget about whatever was undefined.


Overfull \hbox (21.15797pt too wide) in paragraph at lines 9--10
\OML/cmm/m/it/10 A[] \OMS/cmsy/m/n/10 2
 []


Overfull \hbox (51.2125pt too wide) in paragraph at lines 9--10
\OML/cmm/m/it/10 F$$\OMS/cmsy/m/n/10 [[]\OML/cmm/m/it/10 A[] \OMS/cmsy/m/n/10 2

 []


Overfull \hbox (7.81946pt too wide) in paragraph at lines 9--10
\OML/cmm/m/it/10 F$ 
 []

Missing character: There is no å°± in font nullfont!
Missing character: There is no ç§° in font nullfont!
! Undefined control sequence.
<recently read> \mathscr 
                         
l.11 å°±ç§°$\mathscr
                    {F}$æ˜¯$\Omega$çš„äº‹ä»¶åŸŸæˆ–$\sigma$åŸŸï¼Œç§°$\mathscr...
The control sequence at the end of the top line
of your error message was never \def'ed. If you have
misspelled it (e.g., `\hobx'), type `I' and the correct
spelling (e.g., `I\hbox'). Otherwise just continue,
and I'll forget about whatever was undefined.

Missing character: There is no æ˜¯ in font nullfont!
Missing character: There is no çš„ in font nullfont!
Missing character: There is no äº‹ in font nullfont!
Missing character: There is no ä»¶ in font nullfont!
Missing character: There is no åŸŸ in font nullfont!
Missing character: There is no æˆ– in font nullfont!
Missing character: There is no åŸŸ in font nullfont!
Missing character: There is no ï¼Œ in font nullfont!
Missing character: There is no ç§° in font nullfont!
! Undefined control sequence.
<recently read> \mathscr 
                         
l.11 ...$çš„äº‹ä»¶åŸŸæˆ–$\sigma$åŸŸï¼Œç§°$\mathscr
                                                  {F}$ä¸­çš„å…ƒç´ ä¸ºäº‹ä»¶ï¼Œ
The control sequence at the end of the top line
of your error message was never \def'ed. If you have
misspelled it (e.g., `\hobx'), type `I' and the correct
spelling (e.g., `I\hbox'). Otherwise just continue,
and I'll forget about whatever was undefined.

Missing character: There is no ä¸­ in font nullfont!
Missing character: There is no çš„ in font nullfont!
Missing character: There is no å…ƒ in font nullfont!
Missing character: There is no ç´  in font nullfont!
Missing character: There is no ä¸º in font nullfont!
Missing character: There is no äº‹ in font nullfont!
Missing character: There is no ä»¶ in font nullfont!
Missing character: There is no ï¼Œ in font nullfont!
Missing character: There is no ( in font nullfont!
! Undefined control sequence.
l.12 ($\Omega,\mathscr
                      {F}$)ä¸ºå¯æµ‹ç©ºé—´
The control sequence at the end of the top line
of your error message was never \def'ed. If you have
misspelled it (e.g., `\hobx'), type `I' and the correct
spelling (e.g., `I\hbox'). Otherwise just continue,
and I'll forget about whatever was undefined.

Missing character: There is no ) in font nullfont!
Missing character: There is no ä¸º in font nullfont!
Missing character: There is no å¯ in font nullfont!
Missing character: There is no æµ‹ in font nullfont!
Missing character: There is no ç©º in font nullfont!
Missing character: There is no é—´ in font nullfont!

! LaTeX Error: \begin{document} ended by \end{å®šä¹‰}.

See the LaTeX manual or LaTeX Companion for explanation.
Type  H <return>  for immediate help.
 ...                                              
                                                  
l.13 \end{å®šä¹‰}
                 
Your command was ignored.
Type  I <command> <return>  to replace it with another command,
or  <return>  to continue without it.


! LaTeX Error: Environment å®šä¹‰ undefined.

See the LaTeX manual or LaTeX Companion for explanation.
Type  H <return>  for immediate help.
 ...                                              
                                                  
l.14 \begin{å®šä¹‰}
                   
Your command was ignored.
Type  I <command> <return>  to replace it with another command,
or  <return>  to continue without it.

Missing character: There is no ( in font nullfont!
Missing character: There is no æ¦‚ in font nullfont!
Missing character: There is no ç‡ in font nullfont!
Missing character: There is no ç©º in font nullfont!
Missing character: There is no é—´ in font nullfont!
Missing character: There is no ) in font nullfont!

! LaTeX Error: \begin{document} ended by \end{å®šä¹‰}.

See the LaTeX manual or LaTeX Companion for explanation.
Type  H <return>  for immediate help.
 ...                                              
                                                  
l.16 \end{å®šä¹‰}
                 
Your command was ignored.
Type  I <command> <return>  to replace it with another command,
or  <return>  to continue without it.

)
! Emergency stop.
<*> ä¸€äº›å‡†å¤‡.tex
                    
*** (job aborted, no legal \end found)

 
Here is how much of TeX's memory you used:
 12 strings out of 430478
 99 string characters out of 3191502
 45928 words of memory out of 3000000
 3242 multiletter control sequences out of 15000+200000
 3640 words of font info for 14 fonts, out of 3000000 for 9000
 14 hyphenation exceptions out of 8191
 18i,2n,12p,88b,72s stack positions out of 5000i,500n,10000p,200000b,50000s
No pages of output.
