This is TeX, Version 3.14159265 (TeX Live 2014/Debian) (preloaded format=tex 2015.5.15)  15 MAY 2015 14:20
**^^e6^^95^^b0^^e5^^80^^bc^^e5^^88^^86^^e6^^9e^^90^^e4^^bd^^9c^^e4^^b8^^9a1.tex

(./^^e6^^95^^b0^^e5^^80^^bc^^e5^^88^^86^^e6^^9e^^90^^e4^^bd^^9c^^e4^^b8^^9a1.te
x
! Undefined control sequence.
l.1 \documentclass
                  [10pt,a4paper]{ctexart}
? 
! Undefined control sequence.
l.2 \usepackage
               [utf8]{inputenc}
? 
! Undefined control sequence.
l.3 \usepackage
               {amsmath}
? 
! Undefined control sequence.
l.4 \usepackage
               {amsfonts}
? 
! Undefined control sequence.
l.5 \usepackage
               {amssymb}
? 
! Undefined control sequence.
l.6 \usepackage
               {graphicx}
? 
! Undefined control sequence.
l.7 \usepackage
               {xcolor}
? 
! Undefined control sequence.
l.8 \usepackage
               {bm}
? 
! Undefined control sequence.
l.9 \author
           {^^e5^^90^^b4^^e7^^a7^^89^^e5^^93^^b2}
? 
Missing character: There is no ^^e5 in font cmr10!
Missing character: There is no ^^90 in font cmr10!
Missing character: There is no ^^b4 in font cmr10!
Missing character: There is no ^^e7 in font cmr10!
Missing character: There is no ^^a7 in font cmr10!
Missing character: There is no ^^89 in font cmr10!
Missing character: There is no ^^e5 in font cmr10!
Missing character: There is no ^^93 in font cmr10!
Missing character: There is no ^^b2 in font cmr10!
! Undefined control sequence.
l.10 \title
           {^^e6^^95^^b0^^e5^^80^^bc^^e5^^88^^86^^e6^^9e^^90^^e4^^b8^^8a^^e6...

? 
Missing character: There is no ^^e6 in font cmr10!
Missing character: There is no ^^95 in font cmr10!
Missing character: There is no ^^b0 in font cmr10!
Missing character: There is no ^^e5 in font cmr10!
Missing character: There is no ^^80 in font cmr10!
Missing character: There is no ^^bc in font cmr10!
Missing character: There is no ^^e5 in font cmr10!
Missing character: There is no ^^88 in font cmr10!
Missing character: There is no ^^86 in font cmr10!
Missing character: There is no ^^e6 in font cmr10!
Missing character: There is no ^^9e in font cmr10!
Missing character: There is no ^^90 in font cmr10!
Missing character: There is no ^^e4 in font cmr10!
Missing character: There is no ^^b8 in font cmr10!
Missing character: There is no ^^8a in font cmr10!
Missing character: There is no ^^e6 in font cmr10!
Missing character: There is no ^^9c in font cmr10!
Missing character: There is no ^^ba in font cmr10!
Missing character: There is no ^^e6 in font cmr10!
Missing character: There is no ^^8a in font cmr10!
Missing character: There is no ^^a5 in font cmr10!
Missing character: There is no ^^e5 in font cmr10!
Missing character: There is no ^^91 in font cmr10!
Missing character: There is no ^^8a in font cmr10!
! Undefined control sequence.
l.11 \begin
           {document}
? 
! Undefined control sequence.
l.12 \maketitle
               
? 
Missing character: There is no ^^e8 in font cmr10!
Missing character: There is no ^^bf in font cmr10!
Missing character: There is no ^^99 in font cmr10!
Missing character: There is no ^^e5 in font cmr10!
Missing character: There is no ^^ad in font cmr10!
Missing character: There is no ^^a6 in font cmr10!
Missing character: There is no ^^e6 in font cmr10!
Missing character: There is no ^^9c in font cmr10!
Missing character: There is no ^^9f in font cmr10!
Missing character: There is no ^^e6 in font cmr10!
Missing character: There is no ^^af in font cmr10!
Missing character: There is no ^^8f in font cmr10!
Missing character: There is no ^^e6 in font cmr10!
Missing character: There is no ^^ac in font cmr10!
Missing character: There is no ^^a1 in font cmr10!
Missing character: There is no ^^e7 in font cmr10!
Missing character: There is no ^^9a in font cmr10!
Missing character: There is no ^^84 in font cmr10!
Missing character: There is no ^^e4 in font cmr10!
Missing character: There is no ^^b8 in font cmr10!
Missing character: There is no ^^8a in font cmr10!
Missing character: There is no ^^e6 in font cmr10!
Missing character: There is no ^^9c in font cmr10!
Missing character: There is no ^^ba in font cmr10!
Missing character: There is no ^^e6 in font cmr10!
Missing character: There is no ^^8a in font cmr10!
Missing character: There is no ^^a5 in font cmr10!
Missing character: There is no ^^e5 in font cmr10!
Missing character: There is no ^^91 in font cmr10!
Missing character: There is no ^^8a in font cmr10!
Missing character: There is no ^^e9 in font cmr10!
Missing character: There is no ^^83 in font cmr10!
Missing character: There is no ^^bd in font cmr10!
Missing character: There is no ^^e6 in font cmr10!
Missing character: There is no ^^8c in font cmr10!
Missing character: There is no ^^89 in font cmr10!
Missing character: There is no ^^e5 in font cmr10!
Missing character: There is no ^^a6 in font cmr10!
Missing character: There is no ^^82 in font cmr10!
Missing character: There is no ^^e4 in font cmr10!
Missing character: There is no ^^b8 in font cmr10!
Missing character: There is no ^^8b in font cmr10!
Missing character: There is no ^^e6 in font cmr10!
Missing character: There is no ^^a0 in font cmr10!
Missing character: There is no ^^bc in font cmr10!
Missing character: There is no ^^e5 in font cmr10!
Missing character: There is no ^^bc in font cmr10!
Missing character: There is no ^^8f in font cmr10!
Missing character: There is no ^^e7 in font cmr10!
Missing character: There is no ^^bc in font cmr10!
Missing character: There is no ^^96 in font cmr10!
Missing character: There is no ^^e5 in font cmr10!
Missing character: There is no ^^86 in font cmr10!
Missing character: There is no ^^99 in font cmr10!
Missing character: There is no ^^ef in font cmr10!
Missing character: There is no ^^bc in font cmr10!
Missing character: There is no ^^9a in font cmr10!
Missing character: There is no ^^e6 in font cmr10!
Missing character: There is no ^^af in font cmr10!
Missing character: There is no ^^8f in font cmr10!
Missing character: There is no ^^e4 in font cmr10!
Missing character: There is no ^^bb in font cmr10!
Missing character: There is no ^^bd in font cmr10!
Missing character: There is no ^^e6 in font cmr10!
Missing character: There is no ^^8a in font cmr10!
Missing character: There is no ^^a5 in font cmr10!
Missing character: There is no ^^e5 in font cmr10!
Missing character: There is no ^^91 in font cmr10!
Missing character: There is no ^^8a in font cmr10!
Missing character: There is no ^^e5 in font cmr10!
Missing character: There is no ^^88 in font cmr10!
Missing character: There is no ^^86 in font cmr10!
Missing character: There is no ^^e4 in font cmr10!
Missing character: There is no ^^b8 in font cmr10!
Missing character: There is no ^^ba in font cmr10!
Missing character: There is no ^^e5 in font cmr10!
Missing character: There is no ^^87 in font cmr10!
Missing character: There is no ^^a0 in font cmr10!
Missing character: There is no ^^e4 in font cmr10!
Missing character: There is no ^^b8 in font cmr10!
Missing character: There is no ^^aa in font cmr10!
Missing character: There is no ^^e7 in font cmr10!
Missing character: There is no ^^ab in font cmr10!
Missing character: There is no ^^a0 in font cmr10!
Missing character: There is no ^^e8 in font cmr10!
Missing character: There is no ^^8a in font cmr10!
Missing character: There is no ^^82 in font cmr10!
Missing character: There is no ^^ef in font cmr10!
Missing character: There is no ^^bc in font cmr10!
Missing character: There is no ^^8c in font cmr10!
Missing character: There is no ^^e6 in font cmr10!
Missing character: There is no ^^af in font cmr10!
Missing character: There is no ^^8f in font cmr10!
Missing character: There is no ^^e4 in font cmr10!
Missing character: There is no ^^b8 in font cmr10!
Missing character: There is no ^^aa in font cmr10!
Missing character: There is no ^^e7 in font cmr10!
Missing character: There is no ^^ab in font cmr10!
Missing character: There is no ^^a0 in font cmr10!
Missing character: There is no ^^e8 in font cmr10!
Missing character: There is no ^^8a in font cmr10!
Missing character: There is no ^^82 in font cmr10!
Missing character: There is no ^^e5 in font cmr10!
Missing character: There is no ^^88 in font cmr10!
Missing character: There is no ^^86 in font cmr10!
Missing character: There is no ^^e5 in font cmr10!
Missing character: There is no ^^88 in font cmr10!
Missing character: There is no ^^ab in font cmr10!
Missing character: There is no ^^e4 in font cmr10!
Missing character: There is no ^^bb in font cmr10!
Missing character: There is no ^^8b in font cmr10!
Missing character: There is no ^^e7 in font cmr10!
Missing character: There is no ^^bb in font cmr10!
Missing character: There is no ^^8d in font cmr10!
Missing character: There is no ^^e4 in font cmr10!
Missing character: There is no ^^b8 in font cmr10!
Missing character: There is no ^^8a in font cmr10!
Missing character: There is no ^^e6 in font cmr10!
Missing character: There is no ^^9c in font cmr10!
Missing character: There is no ^^ba in font cmr10!
Missing character: There is no ^^e4 in font cmr10!
Missing character: There is no ^^bd in font cmr10!
Missing character: There is no ^^9c in font cmr10!
Missing character: There is no ^^e4 in font cmr10!
Missing character: There is no ^^b8 in font cmr10!
Missing character: There is no ^^9a in font cmr10!
Missing character: There is no ^^e4 in font cmr10!
Missing character: There is no ^^b8 in font cmr10!
Missing character: There is no ^^ad in font cmr10!
Missing character: There is no ^^e7 in font cmr10!
Missing character: There is no ^^9a in font cmr10!
Missing character: There is no ^^84 in font cmr10!
Missing character: There is no ^^e4 in font cmr10!
Missing character: There is no ^^b8 in font cmr10!
Missing character: There is no ^^80 in font cmr10!
Missing character: There is no ^^e9 in font cmr10!
Missing character: There is no ^^a2 in font cmr10!
Missing character: There is no ^^98 in font cmr10!
Missing character: There is no ^^ef in font cmr10!
Missing character: There is no ^^bc in font cmr10!
Missing character: There is no ^^8c in font cmr10!
Missing character: There is no ^^e5 in font cmr10!
Missing character: There is no ^^85 in font cmr10!
Missing character: There is no ^^b6 in font cmr10!
Missing character: There is no ^^e4 in font cmr10!
Missing character: There is no ^^b8 in font cmr10!
Missing character: There is no ^^ad in font cmr10!
Missing character: There is no ^^e6 in font cmr10!
Missing character: There is no ^^af in font cmr10!
Missing character: There is no ^^8f in font cmr10!
Missing character: There is no ^^e4 in font cmr10!
Missing character: There is no ^^b8 in font cmr10!
Missing character: There is no ^^aa in font cmr10!
Missing character: There is no ^^e9 in font cmr10!
Missing character: There is no ^^a2 in font cmr10!
Missing character: There is no ^^98 in font cmr10!
Missing character: There is no ^^e7 in font cmr10!
Missing character: There is no ^^9b in font cmr10!
Missing character: There is no ^^ae in font cmr10!
Missing character: There is no ^^e5 in font cmr10!
Missing character: There is no ^^8f in font cmr10!
Missing character: There is no ^^88 in font cmr10!
Missing character: There is no ^^e5 in font cmr10!
Missing character: There is no ^^88 in font cmr10!
Missing character: There is no ^^86 in font cmr10!
Missing character: There is no ^^e4 in font cmr10!
Missing character: There is no ^^b8 in font cmr10!
Missing character: There is no ^^ba in font cmr10!
Missing character: There is no ^^e4 in font cmr10!
Missing character: There is no ^^bb in font cmr10!
Missing character: There is no ^^a5 in font cmr10!
Missing character: There is no ^^e4 in font cmr10!
Missing character: There is no ^^b8 in font cmr10!
Missing character: There is no ^^8b in font cmr10!
Missing character: There is no ^^e5 in font cmr10!
Missing character: There is no ^^87 in font cmr10!
Missing character: There is no ^^a0 in font cmr10!
Missing character: There is no ^^e4 in font cmr10!
Missing character: There is no ^^b8 in font cmr10!
Missing character: There is no ^^aa in font cmr10!
Missing character: There is no ^^e9 in font cmr10!
Missing character: There is no ^^83 in font cmr10!
Missing character: There is no ^^a8 in font cmr10!
Missing character: There is no ^^e5 in font cmr10!
Missing character: There is no ^^88 in font cmr10!
Missing character: There is no ^^86 in font cmr10!
Missing character: There is no ^^ef in font cmr10!
Missing character: There is no ^^bc in font cmr10!
Missing character: There is no ^^9a in font cmr10!
! Undefined control sequence.
l.17 \begin
           {enumerate}
? 
Missing character: There is no ^^e9 in font cmr10!
Missing character: There is no ^^97 in font cmr10!
Missing character: There is no ^^ae in font cmr10!
Missing character: There is no ^^e9 in font cmr10!
Missing character: There is no ^^a2 in font cmr10!
Missing character: There is no ^^98 in font cmr10!
Missing character: There is no ^^e6 in font cmr10!
Missing character: There is no ^^8f in font cmr10!
Missing character: There is no ^^90 in font cmr10!
Missing character: There is no ^^e5 in font cmr10!
Missing character: There is no ^^87 in font cmr10!
Missing character: There is no ^^ba in font cmr10!
Missing character: There is no ^^e5 in font cmr10!
Missing character: There is no ^^8f in font cmr10!
Missing character: There is no ^^8a in font cmr10!
Missing character: There is no ^^e7 in font cmr10!
Missing character: There is no ^^9b in font cmr10!
Missing character: There is no ^^b8 in font cmr10!
Missing character: There is no ^^e5 in font cmr10!
Missing character: There is no ^^85 in font cmr10!
Missing character: There is no ^^b3 in font cmr10!
Missing character: There is no ^^e8 in font cmr10!
Missing character: There is no ^^83 in font cmr10!
Missing character: There is no ^^8c in font cmr10!
Missing character: There is no ^^e6 in font cmr10!
Missing character: There is no ^^99 in font cmr10!
Missing character: There is no ^^af in font cmr10!
Missing character: There is no ^^e7 in font cmr10!
Missing character: There is no ^^9f in font cmr10!
Missing character: There is no ^^a5 in font cmr10!
Missing character: There is no ^^e8 in font cmr10!
Missing character: There is no ^^af in font cmr10!
Missing character: There is no ^^86 in font cmr10!
Missing character: There is no ^^e9 in font cmr10!
Missing character: There is no ^^97 in font cmr10!
Missing character: There is no ^^ae in font cmr10!
Missing character: There is no ^^e9 in font cmr10!
Missing character: There is no ^^a2 in font cmr10!
Missing character: There is no ^^98 in font cmr10!
Missing character: There is no ^^e7 in font cmr10!
Missing character: There is no ^^9a in font cmr10!
Missing character: There is no ^^84 in font cmr10!
Missing character: There is no ^^e7 in font cmr10!
Missing character: There is no ^^90 in font cmr10!
Missing character: There is no ^^86 in font cmr10!
Missing character: There is no ^^e8 in font cmr10!
Missing character: There is no ^^ae in font cmr10!
Missing character: There is no ^^ba in font cmr10!
Missing character: There is no ^^e5 in font cmr10!
Missing character: There is no ^^88 in font cmr10!
Missing character: There is no ^^86 in font cmr10!
Missing character: There is no ^^e6 in font cmr10!
Missing character: There is no ^^9e in font cmr10!
Missing character: There is no ^^90 in font cmr10!
Missing character: There is no ^^e5 in font cmr10!
Missing character: There is no ^^8f in font cmr10!
Missing character: There is no ^^8a in font cmr10!
Missing character: There is no ^^e8 in font cmr10!
Missing character: There is no ^^a7 in font cmr10!
Missing character: There is no ^^a3 in font cmr10!
Missing character: There is no ^^e5 in font cmr10!
Missing character: There is no ^^86 in font cmr10!
Missing character: There is no ^^b3 in font cmr10!
Missing character: There is no ^^e6 in font cmr10!
Missing character: There is no ^^96 in font cmr10!
Missing character: There is no ^^b9 in font cmr10!
Missing character: There is no ^^e6 in font cmr10!
Missing character: There is no ^^a1 in font cmr10!
Missing character: There is no ^^88 in font cmr10!
Missing character: There is no ^^e7 in font cmr10!
Missing character: There is no ^^a8 in font cmr10!
Missing character: There is no ^^8b in font cmr10!
Missing character: There is no ^^e5 in font cmr10!
Missing character: There is no ^^ba in font cmr10!
Missing character: There is no ^^8f in font cmr10!
Missing character: There is no ^^e7 in font cmr10!
Missing character: There is no ^^9a in font cmr10!
Missing character: There is no ^^84 in font cmr10!
Missing character: There is no ^^e9 in font cmr10!
Missing character: There is no ^^83 in font cmr10!
Missing character: There is no ^^a8 in font cmr10!
Missing character: There is no ^^e5 in font cmr10!
Missing character: There is no ^^88 in font cmr10!
Missing character: There is no ^^86 in font cmr10!
Missing character: There is no ^^e8 in font cmr10!
Missing character: There is no ^^ae in font cmr10!
Missing character: There is no ^^be in font cmr10!
Missing character: There is no ^^e8 in font cmr10!
Missing character: There is no ^^ae in font cmr10!
Missing character: There is no ^^a1 in font cmr10!
Missing character: There is no ^^e6 in font cmr10!
Missing character: There is no ^^80 in font cmr10!
Missing character: There is no ^^9d in font cmr10!
Missing character: There is no ^^e8 in font cmr10!
Missing character: There is no ^^b7 in font cmr10!
Missing character: There is no ^^af in font cmr10!
Missing character: There is no ^^e4 in font cmr10!
Missing character: There is no ^^b8 in font cmr10!
Missing character: There is no ^^8e in font cmr10!
Missing character: There is no ^^e7 in font cmr10!
Missing character: There is no ^^bb in font cmr10!
Missing character: There is no ^^86 in font cmr10!
Missing character: There is no ^^e8 in font cmr10!
Missing character: There is no ^^8a in font cmr10!
Missing character: There is no ^^82 in font cmr10!
Missing character: There is no ^^e8 in font cmr10!
Missing character: There is no ^^ae in font cmr10!
Missing character: There is no ^^a1 in font cmr10!
Missing character: There is no ^^e7 in font cmr10!
Missing character: There is no ^^ae in font cmr10!
Missing character: There is no ^^97 in font cmr10!
Missing character: There is no ^^e6 in font cmr10!
Missing character: There is no ^^88 in font cmr10!
Missing character: There is no ^^90 in font cmr10!
Missing character: There is no ^^e6 in font cmr10!
Missing character: There is no ^^9e in font cmr10!
Missing character: There is no ^^9c in font cmr10!
Missing character: There is no ^^e4 in font cmr10!
Missing character: There is no ^^b8 in font cmr10!
Missing character: There is no ^^8e in font cmr10!
Missing character: There is no ^^e5 in font cmr10!
Missing character: There is no ^^88 in font cmr10!
Missing character: There is no ^^86 in font cmr10!
Missing character: There is no ^^e6 in font cmr10!
Missing character: There is no ^^9e in font cmr10!
Missing character: There is no ^^90 in font cmr10!
Missing character: There is no ^^e6 in font cmr10!
Missing character: There is no ^^9c in font cmr10!
Missing character: There is no ^^ac in font cmr10!
Missing character: There is no ^^e6 in font cmr10!
Missing character: There is no ^^ac in font cmr10!
Missing character: There is no ^^a1 in font cmr10!
Missing character: There is no ^^e4 in font cmr10!
Missing character: There is no ^^b8 in font cmr10!
Missing character: There is no ^^8a in font cmr10!
Missing character: There is no ^^e6 in font cmr10!
Missing character: There is no ^^9c in font cmr10!
Missing character: There is no ^^ba in font cmr10!
Missing character: There is no ^^e7 in font cmr10!
Missing character: There is no ^^9a in font cmr10!
Missing character: There is no ^^84 in font cmr10!
Missing character: There is no ^^e5 in font cmr10!
Missing character: There is no ^^8f in font cmr10!
Missing character: There is no ^^8d in font cmr10!
Missing character: There is no ^^e6 in font cmr10!
Missing character: There is no ^^80 in font cmr10!
Missing character: There is no ^^9d in font cmr10!
[1] )
Output written on ^^e6^^95^^b0^^e5^^80^^bc^^e5^^88^^86^^e6^^9e^^90^^e4^^bd^^9c^
^e4^^b8^^9a1.dvi (1 page, 340 bytes).
